[main 96d1cca] auto: 同步更新 - 2026-03-17 10:05:01
 3 files changed, 25 insertions(+)
 create mode 100644 .wrangler/cache/pages.json
 create mode 100755 auto-sync.sh
 create mode 100644 sync.log
To https://github.com/shuzurenceshi/paiban.git
   f8cdb3a..96d1cca  main -> main
[2026-03-17 10:05:01] GitHub 同步成功
/root/paiban/auto-sync.sh: line 17: wrangler: command not found
[2026-03-17 10:05:01] Cloudflare 部署成功
[main 78aeb53] auto: 同步更新 - 2026-03-17 10:10:01
 1 file changed, 10 insertions(+)
To https://github.com/shuzurenceshi/paiban.git
   96d1cca..78aeb53  main -> main
[2026-03-17 10:10:01] GitHub 同步成功
/root/paiban/auto-sync.sh: line 17: wrangler: command not found
[2026-03-17 10:10:01] Cloudflare 部署成功
[main 2cf59d8] auto: 同步更新 - 2026-03-17 10:15:01
 1 file changed, 7 insertions(+)
To https://github.com/shuzurenceshi/paiban.git
   78aeb53..2cf59d8  main -> main
[2026-03-17 10:15:01] GitHub 同步成功
/root/paiban/auto-sync.sh: line 17: wrangler: command not found
[2026-03-17 10:15:01] Cloudflare 部署成功
[main 2266f18] auto: 同步更新 - 2026-03-17 10:20:01
 1 file changed, 7 insertions(+)
To https://github.com/shuzurenceshi/paiban.git
   2cf59d8..2266f18  main -> main
[2026-03-17 10:20:01] GitHub 同步成功
/root/paiban/auto-sync.sh: line 17: wrangler: command not found
[2026-03-17 10:20:01] Cloudflare 部署成功
[main 5f0d549] auto: 同步更新 - 2026-03-17 10:25:01
 1 file changed, 7 insertions(+)
To https://github.com/shuzurenceshi/paiban.git
   2266f18..5f0d549  main -> main
[2026-03-17 10:25:01] GitHub 同步成功
/root/paiban/auto-sync.sh: line 17: wrangler: command not found
[2026-03-17 10:25:01] Cloudflare 部署成功
[main 099f4c3] auto: 同步更新 - 2026-03-17 10:30:01
 1 file changed, 7 insertions(+)
To https://github.com/shuzurenceshi/paiban.git
   5f0d549..099f4c3  main -> main
[2026-03-17 10:30:01] GitHub 同步成功
/root/paiban/auto-sync.sh: line 17: wrangler: command not found
[2026-03-17 10:30:01] Cloudflare 部署成功
[main 7587143] auto: 同步更新 - 2026-03-17 10:35:01
 1 file changed, 7 insertions(+)
To https://github.com/shuzurenceshi/paiban.git
   099f4c3..7587143  main -> main
[2026-03-17 10:35:01] GitHub 同步成功
/root/paiban/auto-sync.sh: line 17: wrangler: command not found
[2026-03-17 10:35:01] Cloudflare 部署成功
[main 6390ebb] auto: 同步更新 - 2026-03-17 10:40:01
 1 file changed, 7 insertions(+)
To https://github.com/shuzurenceshi/paiban.git
   7587143..6390ebb  main -> main
[2026-03-17 10:40:01] GitHub 同步成功
/root/paiban/auto-sync.sh: line 17: wrangler: command not found
[2026-03-17 10:40:01] Cloudflare 部署成功
[main 0ed5cb7] auto: 同步更新 - 2026-03-17 10:45:01
 1 file changed, 7 insertions(+)
To https://github.com/shuzurenceshi/paiban.git
   6390ebb..0ed5cb7  main -> main
[2026-03-17 10:45:01] GitHub 同步成功
/root/paiban/auto-sync.sh: line 17: wrangler: command not found
[2026-03-17 10:45:01] Cloudflare 部署成功
[main d441f1b] auto: 同步更新 - 2026-03-17 10:50:01
 1 file changed, 7 insertions(+)
To https://github.com/shuzurenceshi/paiban.git
   0ed5cb7..d441f1b  main -> main
[2026-03-17 10:50:01] GitHub 同步成功
/root/paiban/auto-sync.sh: line 17: wrangler: command not found
[2026-03-17 10:50:01] Cloudflare 部署成功
[main 0157812] auto: 同步更新 - 2026-03-17 10:55:01
 1 file changed, 7 insertions(+)
To https://github.com/shuzurenceshi/paiban.git
   d441f1b..0157812  main -> main
[2026-03-17 10:55:01] GitHub 同步成功
/root/paiban/auto-sync.sh: line 17: wrangler: command not found
[2026-03-17 10:55:01] Cloudflare 部署成功
[main 98cb9a0] auto: 同步更新 - 2026-03-17 11:00:01
 1 file changed, 7 insertions(+)
To https://github.com/shuzurenceshi/paiban.git
   0157812..98cb9a0  main -> main
[2026-03-17 11:00:01] GitHub 同步成功
/root/paiban/auto-sync.sh: line 17: wrangler: command not found
[2026-03-17 11:00:01] Cloudflare 部署成功
[main d682b78] auto: 同步更新 - 2026-03-17 11:05:01
 1 file changed, 7 insertions(+)
To https://github.com/shuzurenceshi/paiban.git
   98cb9a0..d682b78  main -> main
[2026-03-17 11:05:01] GitHub 同步成功
/root/paiban/auto-sync.sh: line 17: wrangler: command not found
[2026-03-17 11:05:01] Cloudflare 部署成功
